This is pdfTeX, Version 3.14159265-2.6-1.40.20 (TeX Live 2019/Debian) (preloaded format=pdflatex 2022.1.13)  24 FEB 2022 14:04
entering extended mode
 restricted \write18 enabled.
 file:line:error style messages enabled.
 %&-line parsing enabled.
**/home/seotok/last/test11/GraduationTesis/s0617036_graduationTesis/soturon.tex
(/home/seotok/last/test11/GraduationTesis/s0617036_graduationTesis/soturon.tex
LaTeX2e <2020-02-02> patch level 2
L3 programming layer <2020-02-14> (/usr/share/texlive/texmf-dist/tex/latex/bxjscls/bxjsreport.cls
Document Class: bxjsreport 2020/02/15 v1.9k BXJS document classes
(/usr/share/texlive/texmf-dist/tex/latex/tools/calc.sty
Package: calc 2017/05/25 v4.3 Infix arithmetic (KKT,FJ)
\calc@Acount=\count167
\calc@Bcount=\count168
\calc@Adimen=\dimen134
\calc@Bdimen=\dimen135
\calc@Askip=\skip47
\calc@Bskip=\skip48
LaTeX Info: Redefining \setlength on input line 80.
LaTeX Info: Redefining \addtolength on input line 81.
\calc@Ccount=\count169
\calc@Cskip=\skip49
) (/usr/share/texlive/texmf-dist/tex/latex/graphics/keyval.sty
Package: keyval 2014/10/28 v1.15 key=value parser (DPC)
\KV@toks@=\toks14
) (/usr/share/texlive/texmf-dist/tex/latex/bxjscls/bxjscompat.sty
Package: bxjscompat 2020/02/15 v1.9k BXJS document classes
) (/usr/share/texlive/texmf-dist/tex/generic/iftex/ifpdf.sty
Package: ifpdf 2019/10/25 v3.4 ifpdf legacy package. Use iftex instead.
 (/usr/share/texlive/texmf-dist/tex/generic/iftex/iftex.sty
Package: iftex 2019/11/07 v1.0c TeX engine tests
))
\stockwidth=\dimen136
\stockheight=\dimen137
\jsc@mpt=\dimen138
\jsc@mmm=\dimen139
\jsZw=\dimen140
\jsc@smallskipamount=\skip50
\Cht=\dimen141
\Cdp=\dimen142
\Cwd=\dimen143
\Cvs=\dimen144
\Chs=\dimen145
\fullwidth=\dimen146
 (/usr/share/texlive/texmf-dist/tex/latex/geometry/geometry.sty
Package: geometry 2020/01/02 v5.9 Page Geometry
 (/usr/share/texlive/texmf-dist/tex/generic/iftex/ifvtex.sty
Package: ifvtex 2019/10/25 v1.7 ifvtex legacy package. Use iftex instead.
)
\Gm@cnth=\count170
\Gm@cntv=\count171
\c@Gm@tempcnt=\count172
\Gm@bindingoffset=\dimen147
\Gm@wd@mp=\dimen148
\Gm@odd@mp=\dimen149
\Gm@even@mp=\dimen150
\Gm@layoutwidth=\dimen151
\Gm@layoutheight=\dimen152
\Gm@layouthoffset=\dimen153
\Gm@layoutvoffset=\dimen154
\Gm@dimlist=\toks15
)
\c@part=\count173
\c@chapter=\count174
\c@section=\count175
\c@subsection=\count176
\c@subsubsection=\count177
\c@paragraph=\count178
\c@subparagraph=\count179
\@abstractbox=\box45
\c@figure=\count180
\c@table=\count181
\abovecaptionskip=\skip51
\belowcaptionskip=\skip52
\jsc@tocl@width=\dimen155
\@lnumwidth=\dimen156
\bibindent=\dimen157
 (/usr/share/texlive/texmf-dist/tex/latex/bxwareki/bxwareki.sty
Package: bxwareki 2019/06/01 v0.6
\c@warekiyear=\count182
 (/usr/share/texlive/texmf-dist/tex/latex/bxwareki/bxwareki-cd.def
File: bxwareki-cd.def 2019/06/01 v0.6
)) (/usr/share/texlive/texmf-dist/tex/latex/bxjscls/bxjsja-standard.def
File: bxjsja-standard.def 2020/02/15 v1.9k BXJS document classes
 (/usr/share/texlive/texmf-dist/tex/latex/bxjscls/bxjsja-minimal.def
File: bxjsja-minimal.def 2020/02/15 v1.9k BXJS document classes
\everypar=\toks16
) (/usr/share/texlive/texmf-dist/tex/latex/bxcjkjatype/bxcjkjatype.sty
Package: bxcjkjatype 2016/10/15 v0.3
Package bxcjkjatype Info: Driver auto-detected: pdftex on input line 144.
 (/usr/share/texmf/tex/latex/CJK/CJK.sty
Package: CJK 2015/04/18 4.8.4
 (/usr/share/texmf/tex/latex/CJK/mule/MULEenc.sty
Package: MULEenc 2015/04/18 4.8.4
) (/usr/share/texmf/tex/latex/CJK/CJK.enc
File: CJK.enc 2015/04/18 4.8.4
Now handling font encoding C00 ...
... no UTF-8 mapping file for font encoding C00
Now handling font encoding C05 ...
... no UTF-8 mapping file for font encoding C05
Now handling font encoding C09 ...
... no UTF-8 mapping file for font encoding C09
Now handling font encoding C10 ...
... no UTF-8 mapping file for font encoding C10
Now handling font encoding C20 ...
... no UTF-8 mapping file for font encoding C20
Now handling font encoding C19 ...
... no UTF-8 mapping file for font encoding C19
Now handling font encoding C40 ...
... no UTF-8 mapping file for font encoding C40
Now handling font encoding C42 ...
... no UTF-8 mapping file for font encoding C42
Now handling font encoding C43 ...
... no UTF-8 mapping file for font encoding C43
Now handling font encoding C50 ...
... no UTF-8 mapping file for font encoding C50
Now handling font encoding C52 ...
... no UTF-8 mapping file for font encoding C52
Now handling font encoding C49 ...
... no UTF-8 mapping file for font encoding C49
Now handling font encoding C60 ...
... no UTF-8 mapping file for font encoding C60
Now handling font encoding C61 ...
... no UTF-8 mapping file for font encoding C61
Now handling font encoding C63 ...
... no UTF-8 mapping file for font encoding C63
Now handling font encoding C64 ...
... no UTF-8 mapping file for font encoding C64
Now handling font encoding C65 ...
... no UTF-8 mapping file for font encoding C65
Now handling font encoding C70 ...
... no UTF-8 mapping file for font encoding C70
Now handling font encoding C31 ...
... no UTF-8 mapping file for font encoding C31
Now handling font encoding C32 ...
... no UTF-8 mapping file for font encoding C32
Now handling font encoding C33 ...
... no UTF-8 mapping file for font encoding C33
Now handling font encoding C34 ...
... no UTF-8 mapping file for font encoding C34
Now handling font encoding C35 ...
... no UTF-8 mapping file for font encoding C35
Now handling font encoding C36 ...
... no UTF-8 mapping file for font encoding C36
Now handling font encoding C37 ...
... no UTF-8 mapping file for font encoding C37
Now handling font encoding C80 ...
... no UTF-8 mapping file for font encoding C80
Now handling font encoding C81 ...
... no UTF-8 mapping file for font encoding C81
Now handling font encoding C01 ...
... no UTF-8 mapping file for font encoding C01
Now handling font encoding C11 ...
... no UTF-8 mapping file for font encoding C11
Now handling font encoding C21 ...
... no UTF-8 mapping file for font encoding C21
Now handling font encoding C41 ...
... no UTF-8 mapping file for font encoding C41
Now handling font encoding C62 ...
... no UTF-8 mapping file for font encoding C62
)
LaTeX Info: Redefining \selectfont on input line 755.
\CJK@indent=\box46
) (/usr/share/texmf/tex/latex/CJK/CJKutf8.sty
Package: CJKutf8 2015/04/18 4.8.4
 (/usr/share/texlive/texmf-dist/tex/latex/base/inputenc.sty
Package: inputenc 2018/08/11 v1.3c Input encoding file
\inpenc@prehook=\toks17
\inpenc@posthook=\toks18
) (/usr/share/texlive/texmf-dist/tex/latex/base/fontenc.sty
Package: fontenc 2020/02/11 v2.0o Standard LaTeX package
)) (/usr/share/texmf/tex/latex/CJK/CJKspace.sty
Package: CJKspace 2015/04/18 3.8.0
) (/usr/share/texlive/texmf-dist/tex/latex/cjkpunct/CJKpunct.sty
Package: CJKpunct 2016/05/14 4.8.4
\CJKpunct@cnta=\count183
\CJKpunct@cntb=\count184
\CJKpunct@cntc=\count185
\CJKpunct@cntd=\count186
\CJKpunct@cnte=\count187
   defining Unicode char U+2018 (decimal 8216)
   defining Unicode char U+2019 (decimal 8217)
   defining Unicode char U+201C (decimal 8220)
   defining Unicode char U+201D (decimal 8221)
   defining Unicode char U+2014 (decimal 8212)
   defining Unicode char U+2026 (decimal 8230)
 (/usr/share/texlive/texmf-dist/tex/latex/cjkpunct/CJKpunct.spa)) (/usr/share/texlive/texmf-dist/tex/latex/etoolbox/etoolbox.sty
Package: etoolbox 2019/09/21 v2.5h e-TeX tools for LaTeX (JAW)
\etb@tempcnta=\count188
) (/usr/share/texmf/tex/latex/CJK/UTF8/UTF8.bdg
File: UTF8.bdg 2015/04/18 4.8.4
))
\jsKanjiSkip=\skip53
\jsXKanjiSkip=\skip54
)) (/usr/share/texlive/texmf-dist/tex/latex/tools/bm.sty
Package: bm 2019/07/24 v1.2d Bold Symbol Support (DPC/FMi)
\symboldoperators=\mathgroup4
\symboldletters=\mathgroup5
\symboldsymbols=\mathgroup6
LaTeX Font Info:    Redeclaring math alphabet \mathbf on input line 141.
LaTeX Info: Redefining \bm on input line 209.
) (/usr/share/texlive/texmf-dist/tex/latex/graphics/graphicx.sty
Package: graphicx 2019/11/30 v1.2a Enhanced LaTeX Graphics (DPC,SPQR)
 (/usr/share/texlive/texmf-dist/tex/latex/graphics/graphics.sty
Package: graphics 2019/11/30 v1.4a Standard LaTeX Graphics (DPC,SPQR)
 (/usr/share/texlive/texmf-dist/tex/latex/graphics/trig.sty
Package: trig 2016/01/03 v1.10 sin cos tan (DPC)
) (/usr/share/texlive/texmf-dist/tex/latex/graphics-cfg/graphics.cfg
File: graphics.cfg 2016/06/04 v1.11 sample graphics configuration
)
Package graphics Info: Driver file: dvipdfmx.def on input line 105.
 (/usr/share/texlive/texmf-dist/tex/latex/graphics-def/dvipdfmx.def
File: dvipdfmx.def 2017/06/24 v5.0g Graphics/color driver for dvipdfmx
))
\Gin@req@height=\dimen158
\Gin@req@width=\dimen159
) (/usr/share/texlive/texmf-dist/tex/latex/ascmac/ascmac.sty
Package: ascmac 2020/01/15 v2.1 ascmac wrapper (community edition) 
 (/usr/share/texlive/texmf-dist/tex/latex/ascmac/tascmac.sty
Package: tascmac 2020/01/15 v2.1 ascmac package (community edition) 
Package tascmac Info: Assuming pdfLaTeX, XeLaTeX or LuaLaTeX on input line 44.
\scb@x=\box47
\scscb@x=\box48
\@bw=\dimen160
\@nbox=\box49
\@nbody=\box50
\@scw=\dimen161
\ascmac@hoboxa=\box51
\ascmac@hoboxb=\box52
\@itemh=\dimen162
\@iboxpos=\toks19
\@iboxstr=\box53
\@bwsp=\box54
\@@bwsp=\box55
\@bcal=\count189
\shaderule=\dimen163
)) (/usr/share/texlive/texmf-dist/tex/latex/url/url.sty
\Urlmuskip=\muskip16
Package: url 2013/09/16  ver 3.4  Verb mode for urls, etc.
) (/usr/share/texlive/texmf-dist/tex/latex/amsmath/amsmath.sty
Package: amsmath 2020/01/20 v2.17e AMS math features
\@mathmargin=\skip55

For additional information on amsmath, use the `?' option.
(/usr/share/texlive/texmf-dist/tex/latex/amsmath/amstext.sty
Package: amstext 2000/06/29 v2.01 AMS text
 (/usr/share/texlive/texmf-dist/tex/latex/amsmath/amsgen.sty
File: amsgen.sty 1999/11/30 v2.0 generic functions
\@emptytoks=\toks20
\ex@=\dimen164
)) (/usr/share/texlive/texmf-dist/tex/latex/amsmath/amsbsy.sty
Package: amsbsy 1999/11/29 v1.2d Bold Symbols
LaTeX Info: Redefining \boldsymbol on input line 28.
\pmbraise@=\dimen165
) (/usr/share/texlive/texmf-dist/tex/latex/amsmath/amsopn.sty
Package: amsopn 2016/03/08 v2.02 operator names
)
\inf@bad=\count190
LaTeX Info: Redefining \frac on input line 227.
\uproot@=\count191
\leftroot@=\count192
LaTeX Info: Redefining \overline on input line 389.
\classnum@=\count193
\DOTSCASE@=\count194
LaTeX Info: Redefining \ldots on input line 486.
LaTeX Info: Redefining \dots on input line 489.
LaTeX Info: Redefining \cdots on input line 610.
\Mathstrutbox@=\box56
\strutbox@=\box57
\big@size=\dimen166
LaTeX Font Info:    Redeclaring font encoding OML on input line 733.
LaTeX Font Info:    Redeclaring font encoding OMS on input line 734.
\macc@depth=\count195
\c@MaxMatrixCols=\count196
\dotsspace@=\muskip17
\c@parentequation=\count197
\dspbrk@lvl=\count198
\tag@help=\toks21
\row@=\count199
\column@=\count266
\maxfields@=\count267
\andhelp@=\toks22
\eqnshift@=\dimen167
\alignsep@=\dimen168
\tagshift@=\dimen169
\tagwidth@=\dimen170
\totwidth@=\dimen171
\lineht@=\dimen172
\@envbody=\toks23
\multlinegap=\skip56
\multlinetaggap=\skip57
\mathdisplay@stack=\toks24
LaTeX Info: Redefining \[ on input line 2859.
LaTeX Info: Redefining \] on input line 2860.
) (/usr/share/texlive/texmf-dist/tex/latex/amsfonts/amssymb.sty
Package: amssymb 2013/01/14 v3.01 AMS font symbols
 (/usr/share/texlive/texmf-dist/tex/latex/amsfonts/amsfonts.sty
Package: amsfonts 2013/01/14 v3.01 Basic AMSFonts support
\symAMSa=\mathgroup7
\symAMSb=\mathgroup8
LaTeX Font Info:    Redeclaring math symbol \hbar on input line 98.
LaTeX Font Info:    Overwriting math alphabet `\mathfrak' in version `bold'
(Font)                  U/euf/m/n --> U/euf/b/n on input line 106.
)) (/usr/share/texlive/texmf-dist/tex/latex/caption/subcaption.sty
Package: subcaption 2020/01/22 v1.3d Sub-captions (AR)
 (/usr/share/texlive/texmf-dist/tex/latex/caption/caption.sty
Package: caption 2020/01/03 v3.4h Customizing captions (AR)
 (/usr/share/texlive/texmf-dist/tex/latex/caption/caption3.sty
Package: caption3 2020/01/03 v1.8h caption3 kernel (AR)
Package caption3 Info: TeX engine: e-TeX on input line 61.
\captionmargin=\dimen173
\captionmargin@=\dimen174
\captionwidth=\dimen175
\caption@tempdima=\dimen176
\caption@indent=\dimen177
\caption@parindent=\dimen178
\caption@hangindent=\dimen179
Package caption Info: Unknown document class (or package),
(caption)             standard defaults will be used.
Package caption Info: \@makecaption = \long macro:#1#2->{\small \advance \leftskip .0628\linewidth \advance \rightskip .0628\linewidth \vskip \abovecaptionskip \sbox \@tempboxa {#1\zwspace #2}\ifdim \wd \@tempboxa <\hsize \centering \fi #1\zwspace #2\par \vskip \belowcaptionskip } on input line 1082.
)

Package caption Warning: Unknown document class (or package),
(caption)                standard defaults will be used.
See the caption package documentation for explanation.

\c@caption@flags=\count268
\c@continuedfloat=\count269
)
\c@subfigure=\count270
\c@subtable=\count271
) (/usr/share/texlive/texmf-dist/tex/latex/pdfpages/pdfpages.sty
Package: pdfpages 2020/01/28 v0.5q Insert pages of external PDF documents (AM)
 (/usr/share/texlive/texmf-dist/tex/latex/base/ifthen.sty
Package: ifthen 2014/09/29 v1.1c Standard LaTeX ifthen package (DPC)
) (/usr/share/texlive/texmf-dist/tex/latex/eso-pic/eso-pic.sty
Package: eso-pic 2018/04/12 v2.0h eso-pic (RN)
 (/usr/share/texlive/texmf-dist/tex/generic/atbegshi/atbegshi.sty
Package: atbegshi 2019/12/05 v1.19 At begin shipout hook (HO)
 (/usr/share/texlive/texmf-dist/tex/generic/infwarerr/infwarerr.sty
Package: infwarerr 2019/12/03 v1.5 Providing info/warning/error messages (HO)
) (/usr/share/texlive/texmf-dist/tex/generic/ltxcmds/ltxcmds.sty
Package: ltxcmds 2019/12/15 v1.24 LaTeX kernel commands for general use (HO)
)) (/usr/share/texlive/texmf-dist/tex/latex/xcolor/xcolor.sty
Package: xcolor 2016/05/11 v2.12 LaTeX color extensions (UK)
 (/usr/share/texlive/texmf-dist/tex/latex/graphics-cfg/color.cfg
File: color.cfg 2016/01/02 v1.6 sample color configuration
)
Package xcolor Info: Driver file: pdftex.def on input line 225.
 (/usr/share/texlive/texmf-dist/tex/latex/graphics-def/pdftex.def
File: pdftex.def 2018/01/08 v1.0l Graphics/color driver for pdftex
)
Package xcolor Info: Model `cmy' substituted by `cmy0' on input line 1348.
Package xcolor Info: Model `RGB' extended on input line 1364.
Package xcolor Info: Model `HTML' substituted by `rgb' on input line 1366.
Package xcolor Info: Model `Hsb' substituted by `hsb' on input line 1367.
Package xcolor Info: Model `tHsb' substituted by `hsb' on input line 1368.
Package xcolor Info: Model `HSB' substituted by `hsb' on input line 1369.
Package xcolor Info: Model `Gray' substituted by `gray' on input line 1370.
Package xcolor Info: Model `wave' substituted by `hsb' on input line 1371.
))
\AM@pagewidth=\dimen180
\AM@pageheight=\dimen181
 (/usr/share/texlive/texmf-dist/tex/latex/pdfpages/pppdftex.def
File: pppdftex.def 2020/01/28 v0.5q Pdfpages driver for pdfTeX (AM)
)
\AM@pagebox=\box58
\AM@global@opts=\toks25
\AM@pagecnt=\count272
\AM@toc@title=\toks26
\c@AM@survey=\count273
\AM@templatesizebox=\box59
) (/usr/share/texlive/texmf-dist/tex/latex/comment/comment.sty
\CommentStream=\write3
 Excluding comment 'comment') (/usr/share/texlive/texmf-dist/tex/latex/l3backend/l3backend-pdfmode.def
File: l3backend-pdfmode.def 2020-02-03 L3 backend support: PDF mode
\l__kernel_color_stack_int=\count274
\l__pdf_internal_box=\box60
) (/home/seotok/last/test11/GraduationTesis/s0617036_graduationTesis/soturon.aux)
\openout1 = `soturon.aux'.

LaTeX Font Info:    Checking defaults for OML/cmm/m/it on input line 32.
LaTeX Font Info:    ... okay on input line 32.
LaTeX Font Info:    Checking defaults for OMS/cmsy/m/n on input line 32.
LaTeX Font Info:    ... okay on input line 32.
LaTeX Font Info:    Checking defaults for OT1/cmr/m/n on input line 32.
LaTeX Font Info:    ... okay on input line 32.
LaTeX Font Info:    Checking defaults for T1/cmr/m/n on input line 32.
LaTeX Font Info:    ... okay on input line 32.
LaTeX Font Info:    Checking defaults for TS1/cmr/m/n on input line 32.
LaTeX Font Info:    ... okay on input line 32.
LaTeX Font Info:    Checking defaults for OMX/cmex/m/n on input line 32.
LaTeX Font Info:    ... okay on input line 32.
LaTeX Font Info:    Checking defaults for U/cmr/m/n on input line 32.
LaTeX Font Info:    ... okay on input line 32.
LaTeX Font Info:    Checking defaults for C00/song/m/n on input line 32.
LaTeX Font Info:    ... okay on input line 32.
LaTeX Font Info:    Checking defaults for C05/song/m/n on input line 32.
LaTeX Font Info:    ... okay on input line 32.
LaTeX Font Info:    Checking defaults for C09/song/m/n on input line 32.
LaTeX Font Info:    ... okay on input line 32.
LaTeX Font Info:    Checking defaults for C10/song/m/n on input line 32.
LaTeX Font Info:    ... okay on input line 32.
LaTeX Font Info:    Checking defaults for C20/song/m/n on input line 32.
LaTeX Font Info:    ... okay on input line 32.
LaTeX Font Info:    Checking defaults for C19/song/m/n on input line 32.
LaTeX Font Info:    ... okay on input line 32.
LaTeX Font Info:    Checking defaults for C40/song/m/n on input line 32.
LaTeX Font Info:    ... okay on input line 32.
LaTeX Font Info:    Checking defaults for C42/song/m/n on input line 32.
LaTeX Font Info:    ... okay on input line 32.
LaTeX Font Info:    Checking defaults for C43/song/m/n on input line 32.
LaTeX Font Info:    ... okay on input line 32.
LaTeX Font Info:    Checking defaults for C50/song/m/n on input line 32.
LaTeX Font Info:    ... okay on input line 32.
LaTeX Font Info:    Checking defaults for C52/song/m/n on input line 32.
LaTeX Font Info:    ... okay on input line 32.
LaTeX Font Info:    Checking defaults for C49/song/m/n on input line 32.
LaTeX Font Info:    ... okay on input line 32.
LaTeX Font Info:    Checking defaults for C60/mj/m/n on input line 32.
LaTeX Font Info:    ... okay on input line 32.
LaTeX Font Info:    Checking defaults for C61/mj/m/n on input line 32.
LaTeX Font Info:    ... okay on input line 32.
LaTeX Font Info:    Checking defaults for C63/mj/m/n on input line 32.
LaTeX Font Info:    ... okay on input line 32.
LaTeX Font Info:    Checking defaults for C64/mj/m/n on input line 32.
LaTeX Font Info:    ... okay on input line 32.
LaTeX Font Info:    Checking defaults for C65/mj/m/n on input line 32.
LaTeX Font Info:    ... okay on input line 32.
LaTeX Font Info:    Checking defaults for C70/song/m/n on input line 32.
LaTeX Font Info:    ... okay on input line 32.
LaTeX Font Info:    Checking defaults for C31/song/m/n on input line 32.
LaTeX Font Info:    ... okay on input line 32.
LaTeX Font Info:    Checking defaults for C32/song/m/n on input line 32.
LaTeX Font Info:    ... okay on input line 32.
LaTeX Font Info:    Checking defaults for C33/song/m/n on input line 32.
LaTeX Font Info:    ... okay on input line 32.
LaTeX Font Info:    Checking defaults for C34/song/m/n on input line 32.
LaTeX Font Info:    ... okay on input line 32.
LaTeX Font Info:    Checking defaults for C35/song/m/n on input line 32.
LaTeX Font Info:    ... okay on input line 32.
LaTeX Font Info:    Checking defaults for C36/song/m/n on input line 32.
LaTeX Font Info:    ... okay on input line 32.
LaTeX Font Info:    Checking defaults for C37/song/m/n on input line 32.
LaTeX Font Info:    ... okay on input line 32.
LaTeX Font Info:    Checking defaults for C80/song/m/n on input line 32.
LaTeX Font Info:    ... okay on input line 32.
LaTeX Font Info:    Checking defaults for C81/song/m/n on input line 32.
LaTeX Font Info:    ... okay on input line 32.
LaTeX Font Info:    Checking defaults for C01/song/m/n on input line 32.
LaTeX Font Info:    ... okay on input line 32.
LaTeX Font Info:    Checking defaults for C11/song/m/n on input line 32.
LaTeX Font Info:    ... okay on input line 32.
LaTeX Font Info:    Checking defaults for C21/song/m/n on input line 32.
LaTeX Font Info:    ... okay on input line 32.
LaTeX Font Info:    Checking defaults for C41/song/m/n on input line 32.
LaTeX Font Info:    ... okay on input line 32.
LaTeX Font Info:    Checking defaults for C62/song/m/n on input line 32.
LaTeX Font Info:    ... okay on input line 32.

*geometry* driver: auto-detecting
*geometry* detected driver: pdftex
*geometry* verbose mode - [ preamble ] result:
* driver: pdftex
* paper: a4paper
* layout: <same size as paper>
* layoutoffset:(h,v)=(0.0pt,0.0pt)
* hratio: 1:1
* vratio: 1:1
* modes: includehead includefoot truedimen 
* h-part:(L,W,R)=(59.75215pt, 378.4189pt, 59.75217pt)
* v-part:(T,H,B)=(59.85684pt, 584.49202pt, 59.85684pt)
* \paperwidth=497.92322pt
* \paperheight=704.2057pt
* \textwidth=369.88525pt
* \textheight=522.0pt
* \oddsidemargin=3.79434pt
* \evensidemargin=3.79434pt
* \topmargin=-2.8367pt
* \headheight=20.0pt
* \headsep=13.71492pt
* \topskip=10.0pt
* \footskip=23.71492pt
* \marginparwidth=9.24713pt
* \marginparsep=18.49426pt
* \columnsep=18.49426pt
* \skip\footins=16.0pt plus 5.0pt minus 2.0pt
* \hoffset=0.01344pt
* \voffset=0.01344pt
* \mag=1200
* \@twocolumnfalse
* \@twosidefalse
* \@mparswitchfalse
* \@reversemarginfalse
* (1in=72.27pt=25.4mm, 1cm=28.453pt)

(/usr/share/texmf/tex/latex/CJK/UTF8/UTF8.enc
File: UTF8.enc 2015/04/18 4.8.4
) (/usr/share/texmf/tex/latex/CJK/UTF8/UTF8.chr
File: UTF8.chr 2015/04/18 4.8.4
)
Package caption Info: Begin \AtBeginDocument code.
Package caption Info: End \AtBeginDocument code.
\AtBeginShipoutBox=\box61
 (/usr/share/texlive/texmf-dist/tex/context/base/mkii/supp-pdf.mkii
[Loading MPS to PDF converter (version 2006.09.02).]
\scratchcounter=\count275
\scratchdimen=\dimen182
\scratchbox=\box62
\nofMPsegments=\count276
\nofMParguments=\count277
\everyMPshowfont=\toks27
\MPscratchCnt=\count278
\MPscratchDim=\dimen183
\MPnumerator=\count279
\makeMPintoPDFobject=\count280
\everyMPtoPDFconversion=\toks28
) (/usr/share/texlive/texmf-dist/tex/latex/epstopdf-pkg/epstopdf-base.sty
Package: epstopdf-base 2020-01-24 v2.11 Base part for package epstopdf
Package epstopdf-base Info: Redefining graphics rule for `.eps' on input line 485.
 (/usr/share/texlive/texmf-dist/tex/latex/latexconfig/epstopdf-sys.cfg
File: epstopdf-sys.cfg 2010/07/13 v1.3 Configuration of (r)epstopdf for TeX Live
)) (/usr/share/texlive/texmf-dist/tex/latex/pdflscape/pdflscape.sty
Package: pdflscape 2019/12/05 v0.12 Display of landscape pages in PDF (HO)
 (/usr/share/texlive/texmf-dist/tex/latex/graphics/lscape.sty
Package: lscape 2000/10/22 v3.01 Landscape Pages (DPC)
)
Package pdflscape Info: Auto-detected driver: pdftex on input line 81.
)
LaTeX Font Info:    Font shape `C70/mc/m/n' will be
(Font)              scaled to size 15.97903pt on input line 35.
LaTeX Font Info:    Font shape `C70/mc/m/n' will be
(Font)              scaled to size 15.97903pt on input line 35.
LaTeX Font Info:    Font shape `C70/mc/m/n' will be
(Font)              scaled to size 15.97903pt on input line 35.
LaTeX Font Info:    Font shape `C70/mc/m/n' will be
(Font)              scaled to size 15.97903pt on input line 35.
LaTeX Font Info:    Font shape `C70/mc/m/n' will be
(Font)              scaled to size 15.97903pt on input line 35.
LaTeX Font Info:    Font shape `C70/mc/m/n' will be
(Font)              scaled to size 15.97903pt on input line 35.
LaTeX Font Info:    Font shape `C70/mc/m/n' will be
(Font)              scaled to size 15.97903pt on input line 35.
LaTeX Font Info:    Font shape `C70/mc/m/n' will be
(Font)              scaled to size 15.97903pt on input line 35.
LaTeX Font Info:    Font shape `C70/mc/m/n' will be
(Font)              scaled to size 15.97903pt on input line 35.
Package CJKpunct Info: punctuation spaces for family 'mc' do not exist. Use family 'def' instead. on input line 35.
LaTeX Font Info:    Font shape `C70/mc/m/n' will be
(Font)              scaled to size 15.97903pt on input line 35.
LaTeX Font Info:    Font shape `C70/mc/m/n' will be
(Font)              scaled to size 15.97903pt on input line 35.
LaTeX Font Info:    Font shape `C70/mc/m/n' will be
(Font)              scaled to size 15.97903pt on input line 35.
LaTeX Font Info:    Font shape `C70/mc/m/n' will be
(Font)              scaled to size 15.97903pt on input line 35.
LaTeX Font Info:    Font shape `C70/mc/m/n' will be
(Font)              scaled to size 15.97903pt on input line 35.
LaTeX Font Info:    Font shape `C70/mc/m/n' will be
(Font)              scaled to size 15.97903pt on input line 35.
LaTeX Font Info:    Font shape `C70/mc/m/n' will be
(Font)              scaled to size 15.97903pt on input line 35.
LaTeX Font Info:    Font shape `C70/mc/m/n' will be
(Font)              scaled to size 15.97903pt on input line 35.
LaTeX Font Info:    Font shape `C70/mc/m/n' will be
(Font)              scaled to size 15.97903pt on input line 35.
LaTeX Font Info:    Font shape `C70/mc/m/n' will be
(Font)              scaled to size 15.97903pt on input line 35.
LaTeX Font Info:    Font shape `C70/mc/m/n' will be
(Font)              scaled to size 15.97903pt on input line 35.
LaTeX Font Info:    Trying to load font information for U+msa on input line 35.
 (/usr/share/texlive/texmf-dist/tex/latex/amsfonts/umsa.fd
File: umsa.fd 2013/01/14 v3.01 AMS symbols A
)
LaTeX Font Info:    Trying to load font information for U+msb on input line 35.
 (/usr/share/texlive/texmf-dist/tex/latex/amsfonts/umsb.fd
File: umsb.fd 2013/01/14 v3.01 AMS symbols B
)
LaTeX Font Info:    Font shape `C70/mc/m/n' will be
(Font)              scaled to size 11.09656pt on input line 35.
LaTeX Font Info:    Font shape `C70/mc/m/n' will be
(Font)              scaled to size 11.09656pt on input line 35.
LaTeX Font Info:    Font shape `C70/mc/m/n' will be
(Font)              scaled to size 11.09656pt on input line 35.
LaTeX Font Info:    Font shape `C70/mc/m/n' will be
(Font)              scaled to size 11.09656pt on input line 35.
LaTeX Font Info:    Font shape `C70/mc/m/n' will be
(Font)              scaled to size 11.09656pt on input line 35.
LaTeX Font Info:    Font shape `C70/mc/m/n' will be
(Font)              scaled to size 11.09656pt on input line 35.
LaTeX Font Info:    Font shape `C70/mc/m/n' will be
(Font)              scaled to size 11.09656pt on input line 35.
LaTeX Font Info:    Font shape `C70/mc/m/n' will be
(Font)              scaled to size 11.09656pt on input line 35.
LaTeX Font Info:    Font shape `C70/mc/m/n' will be
(Font)              scaled to size 11.09656pt on input line 35.
LaTeX Font Info:    Font shape `C70/mc/m/n' will be
(Font)              scaled to size 11.09656pt on input line 35.
LaTeX Font Info:    Font shape `C70/mc/m/n' will be
(Font)              scaled to size 11.09656pt on input line 35.
LaTeX Font Info:    Font shape `C70/mc/m/n' will be
(Font)              scaled to size 11.09656pt on input line 35.
LaTeX Font Info:    Font shape `C70/mc/m/n' will be
(Font)              scaled to size 11.09656pt on input line 35.
LaTeX Font Info:    Font shape `C70/mc/m/n' will be
(Font)              scaled to size 11.09656pt on input line 35.
LaTeX Font Info:    Font shape `C70/mc/m/n' will be
(Font)              scaled to size 11.09656pt on input line 35.
LaTeX Font Info:    Font shape `C70/mc/m/n' will be
(Font)              scaled to size 11.09656pt on input line 35.
LaTeX Font Info:    Font shape `C70/mc/m/n' will be
(Font)              scaled to size 11.09656pt on input line 35.
LaTeX Font Info:    Font shape `C70/mc/m/n' will be
(Font)              scaled to size 11.09656pt on input line 35.
LaTeX Font Info:    Font shape `C70/mc/m/n' will be
(Font)              scaled to size 11.09656pt on input line 35.
LaTeX Font Info:    Font shape `C70/mc/m/n' will be
(Font)              scaled to size 11.09656pt on input line 35.
LaTeX Font Info:    Font shape `C70/mc/m/n' will be
(Font)              scaled to size 11.09656pt on input line 35.
LaTeX Font Info:    Font shape `C70/mc/m/n' will be
(Font)              scaled to size 11.09656pt on input line 35.
 [1

{/var/lib/texmf/fonts/map/pdftex/updmap/pdftex.map}]
LaTeX Font Info:    Font shape `C70/gt/m/n' will be
(Font)              scaled to size 9.24713pt on input line 37.
LaTeX Font Info:    Font shape `C70/gt/m/n' will be
(Font)              scaled to size 9.24713pt on input line 37.
LaTeX Font Info:    Font shape `C70/gt/m/n' will be
(Font)              scaled to size 9.24713pt on input line 37.
LaTeX Font Info:    Font shape `C70/gt/m/n' will be
(Font)              scaled to size 9.24713pt on input line 37.
LaTeX Font Info:    Font shape `C70/gt/m/n' will be
(Font)              scaled to size 23.00687pt on input line 37.
LaTeX Font Info:    Font shape `C70/gt/m/n' will be
(Font)              scaled to size 23.00687pt on input line 37.
 (/home/seotok/last/test11/GraduationTesis/s0617036_graduationTesis/soturon.toc
LaTeX Font Info:    Font shape `C70/gt/m/n' will be
(Font)              scaled to size 9.24713pt on input line 1.
Package CJKpunct Info: punctuation spaces for family 'gt' do not exist. Use family 'def' instead. on input line 1.
LaTeX Font Info:    Font shape `C70/mc/m/n' will be
(Font)              scaled to size 9.24713pt on input line 2.
LaTeX Font Info:    Font shape `C70/mc/m/n' will be
(Font)              scaled to size 9.24713pt on input line 2.
LaTeX Font Info:    Font shape `C70/mc/m/n' will be
(Font)              scaled to size 9.24713pt on input line 2.
LaTeX Font Info:    Font shape `C70/mc/m/n' will be
(Font)              scaled to size 9.24713pt on input line 2.
LaTeX Font Info:    Font shape `C70/mc/m/n' will be
(Font)              scaled to size 9.24713pt on input line 3.
LaTeX Font Info:    Font shape `C70/mc/m/n' will be
(Font)              scaled to size 9.24713pt on input line 3.
LaTeX Font Info:    Font shape `C70/mc/m/n' will be
(Font)              scaled to size 9.24713pt on input line 3.
LaTeX Font Info:    Font shape `C70/mc/m/n' will be
(Font)              scaled to size 9.24713pt on input line 3.
LaTeX Font Info:    Font shape `C70/mc/m/n' will be
(Font)              scaled to size 9.24713pt on input line 3.
LaTeX Font Info:    Font shape `C70/gt/m/n' will be
(Font)              scaled to size 9.24713pt on input line 4.
LaTeX Font Info:    Font shape `C70/gt/m/n' will be
(Font)              scaled to size 9.24713pt on input line 4.
LaTeX Font Info:    Font shape `C70/gt/m/n' will be
(Font)              scaled to size 9.24713pt on input line 4.
LaTeX Font Info:    Font shape `C70/gt/m/n' will be
(Font)              scaled to size 9.24713pt on input line 4.
LaTeX Font Info:    Font shape `C70/gt/m/n' will be
(Font)              scaled to size 9.24713pt on input line 4.
LaTeX Font Info:    Font shape `C70/gt/m/n' will be
(Font)              scaled to size 9.24713pt on input line 4.
LaTeX Font Info:    Font shape `C70/gt/m/n' will be
(Font)              scaled to size 9.24713pt on input line 4.
LaTeX Font Info:    Font shape `C70/gt/m/n' will be
(Font)              scaled to size 9.24713pt on input line 4.
LaTeX Font Info:    Font shape `C70/gt/m/n' will be
(Font)              scaled to size 9.24713pt on input line 4.
LaTeX Font Info:    Font shape `C70/gt/m/n' will be
(Font)              scaled to size 9.24713pt on input line 4.
LaTeX Font Info:    Font shape `C70/mc/m/n' will be
(Font)              scaled to size 9.24713pt on input line 5.
LaTeX Font Info:    Font shape `C70/mc/m/n' will be
(Font)              scaled to size 9.24713pt on input line 5.
LaTeX Font Info:    Font shape `C70/mc/m/n' will be
(Font)              scaled to size 9.24713pt on input line 5.
LaTeX Font Info:    Font shape `C70/mc/m/n' will be
(Font)              scaled to size 9.24713pt on input line 5.
LaTeX Font Info:    Font shape `C70/mc/m/n' will be
(Font)              scaled to size 9.24713pt on input line 6.
LaTeX Font Info:    Font shape `C70/mc/m/n' will be
(Font)              scaled to size 9.24713pt on input line 6.
LaTeX Font Info:    Font shape `C70/mc/m/n' will be
(Font)              scaled to size 9.24713pt on input line 6.
LaTeX Font Info:    Font shape `C70/mc/m/n' will be
(Font)              scaled to size 9.24713pt on input line 6.
LaTeX Font Info:    Font shape `C70/mc/m/n' will be
(Font)              scaled to size 9.24713pt on input line 6.
LaTeX Font Info:    Font shape `C70/mc/m/n' will be
(Font)              scaled to size 9.24713pt on input line 6.
LaTeX Font Info:    Font shape `C70/mc/m/n' will be
(Font)              scaled to size 9.24713pt on input line 6.
LaTeX Font Info:    Font shape `C70/mc/m/n' will be
(Font)              scaled to size 9.24713pt on input line 7.
LaTeX Font Info:    Font shape `C70/mc/m/n' will be
(Font)              scaled to size 9.24713pt on input line 7.
LaTeX Font Info:    Font shape `C70/mc/m/n' will be
(Font)              scaled to size 9.24713pt on input line 7.
LaTeX Font Info:    Font shape `C70/mc/m/n' will be
(Font)              scaled to size 9.24713pt on input line 9.
LaTeX Font Info:    Font shape `C70/mc/m/n' will be
(Font)              scaled to size 9.24713pt on input line 10.
LaTeX Font Info:    Font shape `C70/gt/m/n' will be
(Font)              scaled to size 9.24713pt on input line 12.
LaTeX Font Info:    Font shape `C70/gt/m/n' will be
(Font)              scaled to size 9.24713pt on input line 12.
)
\tf@toc=\write4
\openout4 = `soturon.toc'.

 [1

]
第1章
LaTeX Font Info:    Font shape `C70/gt/m/n' will be
(Font)              scaled to size 19.17854pt on input line 40.
LaTeX Font Info:    Font shape `C70/gt/m/n' will be
(Font)              scaled to size 19.17854pt on input line 40.
LaTeX Font Info:    Font shape `C70/gt/m/n' will be
(Font)              scaled to size 23.00687pt on input line 40.
LaTeX Font Info:    Font shape `C70/mc/m/n' will be
(Font)              scaled to size 9.24713pt on input line 42.
LaTeX Font Info:    Font shape `C70/mc/m/n' will be
(Font)              scaled to size 9.24713pt on input line 42.
LaTeX Font Info:    Font shape `C70/mc/m/n' will be
(Font)              scaled to size 9.24713pt on input line 42.
LaTeX Font Info:    Font shape `C70/mc/m/n' will be
(Font)              scaled to size 9.24713pt on input line 43.
LaTeX Font Info:    Font shape `C70/mc/m/n' will be
(Font)              scaled to size 9.24713pt on input line 43.
LaTeX Font Info:    Font shape `C70/mc/m/n' will be
(Font)              scaled to size 9.24713pt on input line 43.
LaTeX Font Info:    Font shape `C70/mc/m/n' will be
(Font)              scaled to size 9.24713pt on input line 43.
LaTeX Font Info:    Font shape `C70/mc/m/n' will be
(Font)              scaled to size 9.24713pt on input line 44.
LaTeX Font Info:    Font shape `C70/mc/m/n' will be
(Font)              scaled to size 9.24713pt on input line 44.
LaTeX Font Info:    Font shape `C70/mc/m/n' will be
(Font)              scaled to size 9.24713pt on input line 45.
LaTeX Font Info:    Font shape `C70/mc/m/n' will be
(Font)              scaled to size 9.24713pt on input line 46.
LaTeX Font Info:    Font shape `C70/mc/m/n' will be
(Font)              scaled to size 9.24713pt on input line 46.
LaTeX Font Info:    Font shape `C70/mc/m/n' will be
(Font)              scaled to size 9.24713pt on input line 47.
LaTeX Font Info:    Font shape `C70/mc/m/n' will be
(Font)              scaled to size 9.24713pt on input line 48.
LaTeX Font Info:    Font shape `C70/mc/m/n' will be
(Font)              scaled to size 9.24713pt on input line 48.
LaTeX Font Info:    Font shape `C70/mc/m/n' will be
(Font)              scaled to size 9.24713pt on input line 48.
LaTeX Font Info:    Font shape `C70/mc/m/n' will be
(Font)              scaled to size 9.24713pt on input line 51.
LaTeX Font Info:    Font shape `C70/mc/m/n' will be
(Font)              scaled to size 9.24713pt on input line 51.
LaTeX Font Info:    Font shape `C70/mc/m/n' will be
(Font)              scaled to size 9.24713pt on input line 52.
LaTeX Font Info:    Font shape `C70/mc/m/n' will be
(Font)              scaled to size 9.24713pt on input line 52.
LaTeX Font Info:    Font shape `C70/mc/m/n' will be
(Font)              scaled to size 9.24713pt on input line 56.
LaTeX Font Info:    Font shape `C70/mc/m/n' will be
(Font)              scaled to size 9.24713pt on input line 57.
LaTeX Font Info:    Font shape `C70/mc/m/n' will be
(Font)              scaled to size 9.24713pt on input line 57.
LaTeX Font Info:    Font shape `C70/gt/m/n' will be
(Font)              scaled to size 13.31586pt on input line 59.
LaTeX Font Info:    Font shape `C70/gt/m/n' will be
(Font)              scaled to size 13.31586pt on input line 59.
LaTeX Font Info:    Font shape `C70/gt/m/n' will be
(Font)              scaled to size 13.31586pt on input line 59.
LaTeX Font Info:    Font shape `C70/gt/m/n' will be
(Font)              scaled to size 13.31586pt on input line 59.
LaTeX Font Info:    Font shape `C70/mc/m/n' will be
(Font)              scaled to size 9.24713pt on input line 60.
LaTeX Font Info:    Font shape `C70/mc/m/n' will be
(Font)              scaled to size 9.24713pt on input line 61.
LaTeX Font Info:    Font shape `C70/mc/m/n' will be
(Font)              scaled to size 9.24713pt on input line 61.
LaTeX Font Info:    Font shape `C70/mc/m/n' will be
(Font)              scaled to size 9.24713pt on input line 63.
LaTeX Font Info:    Font shape `C70/mc/m/n' will be
(Font)              scaled to size 9.24713pt on input line 64.
LaTeX Font Info:    Font shape `C70/mc/m/n' will be
(Font)              scaled to size 9.24713pt on input line 64.
LaTeX Font Info:    Font shape `C70/mc/m/n' will be
(Font)              scaled to size 9.24713pt on input line 65.
LaTeX Font Info:    Font shape `C70/mc/m/n' will be
(Font)              scaled to size 9.24713pt on input line 67.
LaTeX Font Info:    Font shape `C70/mc/m/n' will be
(Font)              scaled to size 9.24713pt on input line 67.
[2

]
LaTeX Font Info:    Font shape `C70/gt/m/n' will be
(Font)              scaled to size 13.31586pt on input line 71.
LaTeX Font Info:    Font shape `C70/gt/m/n' will be
(Font)              scaled to size 13.31586pt on input line 71.
LaTeX Font Info:    Font shape `C70/gt/m/n' will be
(Font)              scaled to size 13.31586pt on input line 71.
LaTeX Font Info:    Font shape `C70/gt/m/n' will be
(Font)              scaled to size 13.31586pt on input line 71.
LaTeX Font Info:    Font shape `C70/gt/m/n' will be
(Font)              scaled to size 13.31586pt on input line 71.
LaTeX Font Info:    Font shape `C70/mc/m/n' will be
(Font)              scaled to size 9.24713pt on input line 75.
LaTeX Font Info:    Font shape `C70/mc/m/n' will be
(Font)              scaled to size 9.24713pt on input line 79.
LaTeX Font Info:    Font shape `C70/mc/m/n' will be
(Font)              scaled to size 9.24713pt on input line 83.
<picture/ProcessFlowOfThisResearch.png, id=159, 667.49374pt x 292.09125pt>
File: picture/ProcessFlowOfThisResearch.png Graphic file (type png)
<use picture/ProcessFlowOfThisResearch.png>
Package pdftex.def Info: picture/ProcessFlowOfThisResearch.png  used on input line 88.
(pdftex.def)             Requested size: 361.35793pt x 180.68019pt.
LaTeX Font Info:    Font shape `C70/mc/m/n' will be
(Font)              scaled to size 9.24713pt on input line 93.
 [3 </home/seotok/last/test11/GraduationTesis/s0617036_graduationTesis/picture/ProcessFlowOfThisResearch.png>]
第2章
LaTeX Font Info:    Font shape `C70/gt/m/n' will be
(Font)              scaled to size 23.00687pt on input line 93.
LaTeX Font Info:    Font shape `C70/gt/m/n' will be
(Font)              scaled to size 23.00687pt on input line 93.
LaTeX Font Info:    Font shape `C70/gt/m/n' will be
(Font)              scaled to size 23.00687pt on input line 93.
LaTeX Font Info:    Font shape `C70/gt/m/n' will be
(Font)              scaled to size 23.00687pt on input line 93.
LaTeX Font Info:    Font shape `C70/gt/m/n' will be
(Font)              scaled to size 23.00687pt on input line 93.
LaTeX Font Info:    Font shape `C70/gt/m/n' will be
(Font)              scaled to size 23.00687pt on input line 93.
LaTeX Font Info:    Font shape `C70/gt/m/n' will be
(Font)              scaled to size 23.00687pt on input line 93.
LaTeX Font Info:    Font shape `C70/gt/m/n' will be
(Font)              scaled to size 23.00687pt on input line 93.
LaTeX Font Info:    Font shape `C70/gt/m/n' will be
(Font)              scaled to size 23.00687pt on input line 93.
LaTeX Font Info:    Font shape `C70/mc/m/n' will be
(Font)              scaled to size 9.24713pt on input line 94.
LaTeX Font Info:    Font shape `C70/mc/m/n' will be
(Font)              scaled to size 9.24713pt on input line 100.
LaTeX Font Info:    Font shape `C70/gt/m/n' will be
(Font)              scaled to size 13.31586pt on input line 107.
LaTeX Font Info:    Font shape `C70/gt/m/n' will be
(Font)              scaled to size 13.31586pt on input line 107.
LaTeX Font Info:    Font shape `C70/gt/m/n' will be
(Font)              scaled to size 13.31586pt on input line 107.
LaTeX Font Info:    Font shape `C70/gt/m/n' will be
(Font)              scaled to size 13.31586pt on input line 107.
Package epstopdf Info: Source file: <picture/environment.eps>
(epstopdf)                    date: 2022-02-14 12:28:58
(epstopdf)                    size: 122219 bytes
(epstopdf)             Output file: <picture/environment-eps-converted-to.pdf>
(epstopdf)                    date: 2022-02-14 12:30:35
(epstopdf)                    size: 48689 bytes
(epstopdf)             Command: <repstopdf --outfile=picture/environment-eps-converted-to.pdf picture/environment.eps>
(epstopdf)             \includegraphics on input line 129.
Package epstopdf Info: Output file is already uptodate.
<picture/environment-eps-converted-to.pdf, id=178, 752.8125pt x 460.72125pt>
File: picture/environment-eps-converted-to.pdf Graphic file (type pdf)
<use picture/environment-eps-converted-to.pdf>
Package pdftex.def Info: picture/environment-eps-converted-to.pdf  used on input line 129.
(pdftex.def)             Requested size: 216.80524pt x 144.53743pt.
[4

] [5 </home/seotok/last/test11/GraduationTesis/s0617036_graduationTesis/picture/environment-eps-converted-to.pdf>]
LaTeX Font Info:    Font shape `C70/gt/m/n' will be
(Font)              scaled to size 13.31586pt on input line 136.
LaTeX Font Info:    Font shape `C70/gt/m/n' will be
(Font)              scaled to size 13.31586pt on input line 136.
LaTeX Font Info:    Font shape `C70/gt/m/n' will be
(Font)              scaled to size 13.31586pt on input line 136.
LaTeX Font Info:    Font shape `C70/gt/m/n' will be
(Font)              scaled to size 13.31586pt on input line 136.
LaTeX Font Info:    Font shape `C70/gt/m/n' will be
(Font)              scaled to size 13.31586pt on input line 136.
LaTeX Font Info:    Font shape `C70/gt/m/n' will be
(Font)              scaled to size 13.31586pt on input line 136.
LaTeX Font Info:    Font shape `C70/gt/m/n' will be
(Font)              scaled to size 13.31586pt on input line 136.
LaTeX Font Info:    Font shape `C70/mc/m/n' will be
(Font)              scaled to size 9.24713pt on input line 142.
 Excluding 'comment' comment. [6

]
Package epstopdf Info: Source file: <picture/wn_mae_l.eps>
(epstopdf)                    date: 2022-02-06 14:18:39
(epstopdf)                    size: 372243 bytes
(epstopdf)             Output file: <picture/wn_mae_l-eps-converted-to.pdf>
(epstopdf)                    date: 2022-02-06 14:26:50
(epstopdf)                    size: 168625 bytes
(epstopdf)             Command: <repstopdf --outfile=picture/wn_mae_l-eps-converted-to.pdf picture/wn_mae_l.eps>
(epstopdf)             \includegraphics on input line 185.
Package epstopdf Info: Output file is already uptodate.
<picture/wn_mae_l-eps-converted-to.pdf, id=209, 1228.59pt x 590.205pt>
File: picture/wn_mae_l-eps-converted-to.pdf Graphic file (type pdf)
<use picture/wn_mae_l-eps-converted-to.pdf>
Package pdftex.def Info: picture/wn_mae_l-eps-converted-to.pdf  used on input line 185.
(pdftex.def)             Requested size: 172.00142pt x 82.62813pt.

Overfull \hbox (5.55418pt too wide) in paragraph at lines 185--186
 [][] 
 []

LaTeX Font Info:    Font shape `C70/mc/m/n' will be
(Font)              scaled to size 8.32242pt on input line 186.
LaTeX Font Info:    Font shape `C70/mc/m/n' will be
(Font)              scaled to size 8.32242pt on input line 186.
LaTeX Font Info:    Font shape `C70/mc/m/n' will be
(Font)              scaled to size 8.32242pt on input line 186.
LaTeX Font Info:    Font shape `C70/mc/m/n' will be
(Font)              scaled to size 8.32242pt on input line 186.
LaTeX Font Info:    Font shape `C70/mc/m/n' will be
(Font)              scaled to size 8.32242pt on input line 186.
LaTeX Font Info:    Font shape `C70/mc/m/n' will be
(Font)              scaled to size 8.32242pt on input line 186.
LaTeX Font Info:    Font shape `C70/mc/m/n' will be
(Font)              scaled to size 8.32242pt on input line 186.
LaTeX Font Info:    Font shape `C70/mc/m/n' will be
(Font)              scaled to size 8.32242pt on input line 186.
LaTeX Font Info:    Font shape `C70/mc/m/n' will be
(Font)              scaled to size 8.32242pt on input line 186.
Package epstopdf Info: Source file: <picture/wn_mae_r.eps>
(epstopdf)                    date: 2022-02-06 14:19:14
(epstopdf)                    size: 378940 bytes
(epstopdf)             Output file: <picture/wn_mae_r-eps-converted-to.pdf>
(epstopdf)                    date: 2022-02-06 14:26:50
(epstopdf)                    size: 145579 bytes
(epstopdf)             Command: <repstopdf --outfile=picture/wn_mae_r-eps-converted-to.pdf picture/wn_mae_r.eps>
(epstopdf)             \includegraphics on input line 191.
Package epstopdf Info: Output file is already uptodate.
<picture/wn_mae_r-eps-converted-to.pdf, id=210, 1221.56375pt x 593.21625pt>
File: picture/wn_mae_r-eps-converted-to.pdf Graphic file (type pdf)
<use picture/wn_mae_r-eps-converted-to.pdf>
Package pdftex.def Info: picture/wn_mae_r-eps-converted-to.pdf  used on input line 191.
(pdftex.def)             Requested size: 171.01776pt x 83.0497pt.

Overfull \hbox (4.57053pt too wide) in paragraph at lines 191--192
 [][] 
 []

LaTeX Font Info:    Font shape `C70/mc/m/n' will be
(Font)              scaled to size 8.32242pt on input line 192.
Package epstopdf Info: Source file: <picture/wn_usiro_l.eps>
(epstopdf)                    date: 2022-02-13 13:33:41
(epstopdf)                    size: 355503 bytes
(epstopdf)             Output file: <picture/wn_usiro_l-eps-converted-to.pdf>
(epstopdf)                    date: 2022-02-13 13:33:42
(epstopdf)                    size: 126105 bytes
(epstopdf)             Command: <repstopdf --outfile=picture/wn_usiro_l-eps-converted-to.pdf picture/wn_usiro_l.eps>
(epstopdf)             \includegraphics on input line 198.
Package epstopdf Info: Output file is already uptodate.
<picture/wn_usiro_l-eps-converted-to.pdf, id=211, 1228.59pt x 590.205pt>
File: picture/wn_usiro_l-eps-converted-to.pdf Graphic file (type pdf)
<use picture/wn_usiro_l-eps-converted-to.pdf>
Package pdftex.def Info: picture/wn_usiro_l-eps-converted-to.pdf  used on input line 198.
(pdftex.def)             Requested size: 172.00142pt x 82.62813pt.

Overfull \hbox (5.55418pt too wide) in paragraph at lines 198--199
 [][] 
 []

LaTeX Font Info:    Font shape `C70/mc/m/n' will be
(Font)              scaled to size 8.32242pt on input line 199.
Package epstopdf Info: Source file: <picture/wn_usiro_r.eps>
(epstopdf)                    date: 2022-02-13 13:33:06
(epstopdf)                    size: 355026 bytes
(epstopdf)             Output file: <picture/wn_usiro_r-eps-converted-to.pdf>
(epstopdf)                    date: 2022-02-13 13:33:07
(epstopdf)                    size: 123933 bytes
(epstopdf)             Command: <repstopdf --outfile=picture/wn_usiro_r-eps-converted-to.pdf picture/wn_usiro_r.eps>
(epstopdf)             \includegraphics on input line 204.
Package epstopdf Info: Output file is already uptodate.
<picture/wn_usiro_r-eps-converted-to.pdf, id=212, 1228.59pt x 591.20876pt>
File: picture/wn_usiro_r-eps-converted-to.pdf Graphic file (type pdf)
<use picture/wn_usiro_r-eps-converted-to.pdf>
Package pdftex.def Info: picture/wn_usiro_r-eps-converted-to.pdf  used on input line 204.
(pdftex.def)             Requested size: 172.00142pt x 82.76866pt.

Overfull \hbox (5.55418pt too wide) in paragraph at lines 204--205
 [][] 
 []

Package epstopdf Info: Source file: <picture/No1-3_mae_l.eps>
(epstopdf)                    date: 2022-02-04 13:24:16
(epstopdf)                    size: 516463 bytes
(epstopdf)             Output file: <picture/No1-3_mae_l-eps-converted-to.pdf>
(epstopdf)                    date: 2022-02-06 14:26:52
(epstopdf)                    size: 231705 bytes
(epstopdf)             Command: <repstopdf --outfile=picture/No1-3_mae_l-eps-converted-to.pdf picture/No1-3_mae_l.eps>
(epstopdf)             \includegraphics on input line 215.
Package epstopdf Info: Output file is already uptodate.
<picture/No1-3_mae_l-eps-converted-to.pdf, id=213, 1228.59pt x 597.23125pt>
File: picture/No1-3_mae_l-eps-converted-to.pdf Graphic file (type pdf)
<use picture/No1-3_mae_l-eps-converted-to.pdf>
Package pdftex.def Info: picture/No1-3_mae_l-eps-converted-to.pdf  used on input line 215.
(pdftex.def)             Requested size: 172.00142pt x 83.6118pt.

Overfull \hbox (5.55418pt too wide) in paragraph at lines 215--216
 [][] 
 []

Package epstopdf Info: Source file: <picture/No1-3_mae_r.eps>
(epstopdf)                    date: 2022-02-06 14:14:17
(epstopdf)                    size: 561049 bytes
(epstopdf)             Output file: <picture/No1-3_mae_r-eps-converted-to.pdf>
(epstopdf)                    date: 2022-02-06 14:26:52
(epstopdf)                    size: 223225 bytes
(epstopdf)             Command: <repstopdf --outfile=picture/No1-3_mae_r-eps-converted-to.pdf picture/No1-3_mae_r.eps>
(epstopdf)             \includegraphics on input line 221.
Package epstopdf Info: Output file is already uptodate.
<picture/No1-3_mae_r-eps-converted-to.pdf, id=214, 1225.57875pt x 587.19376pt>
File: picture/No1-3_mae_r-eps-converted-to.pdf Graphic file (type pdf)
<use picture/No1-3_mae_r-eps-converted-to.pdf>
Package pdftex.def Info: picture/No1-3_mae_r-eps-converted-to.pdf  used on input line 221.
(pdftex.def)             Requested size: 171.57985pt x 82.20656pt.

Overfull \hbox (5.13261pt too wide) in paragraph at lines 221--222
 [][] 
 []

Package epstopdf Info: Source file: <picture/No1-3_usiro_l.eps>
(epstopdf)                    date: 2022-02-13 13:30:46
(epstopdf)                    size: 619217 bytes
(epstopdf)             Output file: <picture/No1-3_usiro_l-eps-converted-to.pdf>
(epstopdf)                    date: 2022-02-13 13:31:28
(epstopdf)                    size: 168374 bytes
(epstopdf)             Command: <repstopdf --outfile=picture/No1-3_usiro_l-eps-converted-to.pdf picture/No1-3_usiro_l.eps>
(epstopdf)             \includegraphics on input line 228.
Package epstopdf Info: Output file is already uptodate.
<picture/No1-3_usiro_l-eps-converted-to.pdf, id=215, 1225.57875pt x 588.1975pt>
File: picture/No1-3_usiro_l-eps-converted-to.pdf Graphic file (type pdf)
<use picture/No1-3_usiro_l-eps-converted-to.pdf>
Package pdftex.def Info: picture/No1-3_usiro_l-eps-converted-to.pdf  used on input line 228.
(pdftex.def)             Requested size: 171.57985pt x 82.34708pt.

Overfull \hbox (5.13261pt too wide) in paragraph at lines 228--229
 [][] 
 []

Package epstopdf Info: Source file: <picture/No1-3_usiro_r.eps>
(epstopdf)                    date: 2022-02-13 13:31:41
(epstopdf)                    size: 634673 bytes
(epstopdf)             Output file: <picture/No1-3_usiro_r-eps-converted-to.pdf>
(epstopdf)                    date: 2022-02-13 13:31:42
(epstopdf)                    size: 169734 bytes
(epstopdf)             Command: <repstopdf --outfile=picture/No1-3_usiro_r-eps-converted-to.pdf picture/No1-3_usiro_r.eps>
(epstopdf)             \includegraphics on input line 234.
Package epstopdf Info: Output file is already uptodate.
<picture/No1-3_usiro_r-eps-converted-to.pdf, id=216, 1222.5675pt x 589.20125pt>
File: picture/No1-3_usiro_r-eps-converted-to.pdf Graphic file (type pdf)
<use picture/No1-3_usiro_r-eps-converted-to.pdf>
Package pdftex.def Info: picture/No1-3_usiro_r-eps-converted-to.pdf  used on input line 234.
(pdftex.def)             Requested size: 171.15828pt x 82.48761pt.

Overfull \hbox (4.71104pt too wide) in paragraph at lines 234--235
 [][] 
 []

[7 </home/seotok/last/test11/GraduationTesis/s0617036_graduationTesis/picture/wn_mae_l-eps-converted-to.pdf> </home/seotok/last/test11/GraduationTesis/s0617036_graduationTesis/picture/wn_mae_r-eps-converted-to.pdf> </home/seotok/last/test11/GraduationTesis/s0617036_graduationTesis/picture/wn_usiro_l-eps-converted-to.pdf> </home/seotok/last/test11/GraduationTesis/s0617036_graduationTesis/picture/wn_usiro_r-eps-converted-to.pdf> </home/seotok/last/test11/GraduationTesis/s0617036_graduationTesis/picture/No1-3_mae_l-eps-converted-to.pdf> </home/seotok/last/test11/GraduationTesis/s0617036_graduationTesis/picture/No1-3_mae_r-eps-converted-to.pdf> </home/seotok/last/test11/GraduationTesis/s0617036_graduationTesis/picture/No1-3_usiro_l-eps-converted-to.pdf> </home/seotok/last/test11/GraduationTesis/s0617036_graduationTesis/picture/No1-3_usiro_r-eps-converted-to.pdf>]
LaTeX Font Info:    Font shape `C70/gt/m/n' will be
(Font)              scaled to size 13.31586pt on input line 243.
LaTeX Font Info:    Font shape `C70/gt/m/n' will be
(Font)              scaled to size 13.31586pt on input line 243.
LaTeX Font Info:    Font shape `C70/gt/m/n' will be
(Font)              scaled to size 13.31586pt on input line 243.
Package epstopdf Info: Source file: <picture/mae_full_whitenoise.eps>
(epstopdf)                    date: 2022-02-06 14:16:45
(epstopdf)                    size: 209916 bytes
(epstopdf)             Output file: <picture/mae_full_whitenoise-eps-converted-to.pdf>
(epstopdf)                    date: 2022-02-06 14:26:53
(epstopdf)                    size: 90891 bytes
(epstopdf)             Command: <repstopdf --outfile=picture/mae_full_whitenoise-eps-converted-to.pdf picture/mae_full_whitenoise.eps>
(epstopdf)             \includegraphics on input line 265.
Package epstopdf Info: Output file is already uptodate.
<picture/mae_full_whitenoise-eps-converted-to.pdf, id=249, 1241.63875pt x 587.19376pt>
File: picture/mae_full_whitenoise-eps-converted-to.pdf Graphic file (type pdf)
<use picture/mae_full_whitenoise-eps-converted-to.pdf>
Package pdftex.def Info: picture/mae_full_whitenoise-eps-converted-to.pdf  used on input line 265.
(pdftex.def)             Requested size: 180.6677pt x 93.94395pt.
Package epstopdf Info: Source file: <picture/usiro_full_whitenoise.eps>
(epstopdf)                    date: 2022-02-06 14:18:05
(epstopdf)                    size: 239658 bytes
(epstopdf)             Output file: <picture/usiro_full_whitenoise-eps-converted-to.pdf>
(epstopdf)                    date: 2022-02-06 14:26:54
(epstopdf)                    size: 90542 bytes
(epstopdf)             Command: <repstopdf --outfile=picture/usiro_full_whitenoise-eps-converted-to.pdf picture/usiro_full_whitenoise.eps>
(epstopdf)             \includegraphics on input line 267.
Package epstopdf Info: Output file is already uptodate.
<picture/usiro_full_whitenoise-eps-converted-to.pdf, id=251, 1249.66875pt x 594.22pt>
File: picture/usiro_full_whitenoise-eps-converted-to.pdf Graphic file (type pdf)
<use picture/usiro_full_whitenoise-eps-converted-to.pdf>
Package pdftex.def Info: picture/usiro_full_whitenoise-eps-converted-to.pdf  used on input line 267.
(pdftex.def)             Requested size: 180.67294pt x 93.94376pt.
Package epstopdf Info: Source file: <picture/mae_full_NoSmoothing.eps>
(epstopdf)                    date: 2022-02-06 14:15:59
(epstopdf)                    size: 370073 bytes
(epstopdf)             Output file: <picture/mae_full_NoSmoothing-eps-converted-to.pdf>
(epstopdf)                    date: 2022-02-06 14:26:54
(epstopdf)                    size: 161587 bytes
(epstopdf)             Command: <repstopdf --outfile=picture/mae_full_NoSmoothing-eps-converted-to.pdf picture/mae_full_NoSmoothing.eps>
(epstopdf)             \includegraphics on input line 275.
Package epstopdf Info: Output file is already uptodate.
<picture/mae_full_NoSmoothing-eps-converted-to.pdf, id=253, 1240.635pt x 589.20125pt>
File: picture/mae_full_NoSmoothing-eps-converted-to.pdf Graphic file (type pdf)
<use picture/mae_full_NoSmoothing-eps-converted-to.pdf>
Package pdftex.def Info: picture/mae_full_NoSmoothing-eps-converted-to.pdf  used on input line 275.
(pdftex.def)             Requested size: 180.67308pt x 93.95045pt.
Package epstopdf Info: Source file: <picture/usiro_full_NoSmoothing.eps>
(epstopdf)                    date: 2022-02-06 14:17:24
(epstopdf)                    size: 431463 bytes
(epstopdf)             Output file: <picture/usiro_full_NoSmoothing-eps-converted-to.pdf>
(epstopdf)                    date: 2022-02-06 14:26:55
(epstopdf)                    size: 175999 bytes
(epstopdf)             Command: <repstopdf --outfile=picture/usiro_full_NoSmoothing-eps-converted-to.pdf picture/usiro_full_NoSmoothing.eps>
(epstopdf)             \includegraphics on input line 278.
Package epstopdf Info: Output file is already uptodate.
<picture/usiro_full_NoSmoothing-eps-converted-to.pdf, id=255, 1249.66875pt x 582.175pt>
File: picture/usiro_full_NoSmoothing-eps-converted-to.pdf Graphic file (type pdf)
<use picture/usiro_full_NoSmoothing-eps-converted-to.pdf>
Package pdftex.def Info: picture/usiro_full_NoSmoothing-eps-converted-to.pdf  used on input line 278.
(pdftex.def)             Requested size: 180.67294pt x 93.94939pt.


LaTeX Warning: Float too large for page by 28.78755pt on input line 282.

[8


] [9 </home/seotok/last/test11/GraduationTesis/s0617036_graduationTesis/picture/mae_full_whitenoise-eps-converted-to.pdf> </home/seotok/last/test11/GraduationTesis/s0617036_graduationTesis/picture/usiro_full_whitenoise-eps-converted-to.pdf> </home/seotok/last/test11/GraduationTesis/s0617036_graduationTesis/picture/mae_full_NoSmoothing-eps-converted-to.pdf> </home/seotok/last/test11/GraduationTesis/s0617036_graduationTesis/picture/usiro_full_NoSmoothing-eps-converted-to.pdf>]
第3章
LaTeX Font Info:    Font shape `C70/gt/m/n' will be
(Font)              scaled to size 13.31586pt on input line 288.
LaTeX Font Info:    Font shape `C70/mc/m/n' will be
(Font)              scaled to size 9.24713pt on input line 293.
LaTeX Font Info:    Font shape `C70/gt/m/n' will be
(Font)              scaled to size 13.31586pt on input line 305.
[10

]
Package epstopdf Info: Source file: <picture/ParameterChange_HRTF_Left.eps>
(epstopdf)                    date: 2022-02-21 14:47:40
(epstopdf)                    size: 44958 bytes
(epstopdf)             Output file: <picture/ParameterChange_HRTF_Left-eps-converted-to.pdf>
(epstopdf)                    date: 2022-02-21 14:50:30
(epstopdf)                    size: 18543 bytes
(epstopdf)             Command: <repstopdf --outfile=picture/ParameterChange_HRTF_Left-eps-converted-to.pdf picture/ParameterChange_HRTF_Left.eps>
(epstopdf)             \includegraphics on input line 332.
Package epstopdf Info: Output file is already uptodate.
<picture/ParameterChange_HRTF_Left-eps-converted-to.pdf, id=286, 362.35374pt x 173.64874pt>
File: picture/ParameterChange_HRTF_Left-eps-converted-to.pdf Graphic file (type pdf)
<use picture/ParameterChange_HRTF_Left-eps-converted-to.pdf>
Package pdftex.def Info: picture/ParameterChange_HRTF_Left-eps-converted-to.pdf  used on input line 332.
(pdftex.def)             Requested size: 195.13179pt x 108.40831pt.

Overfull \hbox (10.18916pt too wide) in paragraph at lines 332--333
 [][] 
 []

Package epstopdf Info: Source file: <picture/ParameterChange_HRTF_Right.eps>
(epstopdf)                    date: 2022-02-21 14:48:10
(epstopdf)                    size: 43642 bytes
(epstopdf)             Output file: <picture/ParameterChange_HRTF_Right-eps-converted-to.pdf>
(epstopdf)                    date: 2022-02-21 14:50:30
(epstopdf)                    size: 19708 bytes
(epstopdf)             Command: <repstopdf --outfile=picture/ParameterChange_HRTF_Right-eps-converted-to.pdf picture/ParameterChange_HRTF_Right.eps>
(epstopdf)             \includegraphics on input line 338.
Package epstopdf Info: Output file is already uptodate.
<picture/ParameterChange_HRTF_Right-eps-converted-to.pdf, id=288, 360.34625pt x 176.66pt>
File: picture/ParameterChange_HRTF_Right-eps-converted-to.pdf Graphic file (type pdf)
<use picture/ParameterChange_HRTF_Right-eps-converted-to.pdf>
Package pdftex.def Info: picture/ParameterChange_HRTF_Right-eps-converted-to.pdf  used on input line 338.
(pdftex.def)             Requested size: 195.12842pt x 108.40668pt.

Overfull \hbox (10.18579pt too wide) in paragraph at lines 338--339
 [][] 
 []


Overfull \hbox (24.00003pt too wide) in paragraph at lines 329--344
[][] 
 []

Package epstopdf Info: Source file: <picture/ParameterChange_ILD.eps>
(epstopdf)                    date: 2022-02-21 14:48:27
(epstopdf)                    size: 57785 bytes
(epstopdf)             Output file: <picture/ParameterChange_ILD-eps-converted-to.pdf>
(epstopdf)                    date: 2022-02-21 14:50:30
(epstopdf)                    size: 29438 bytes
(epstopdf)             Command: <repstopdf --outfile=picture/ParameterChange_ILD-eps-converted-to.pdf picture/ParameterChange_ILD.eps>
(epstopdf)             \includegraphics on input line 349.
Package epstopdf Info: Output file is already uptodate.
<picture/ParameterChange_ILD-eps-converted-to.pdf, id=290, 464.73625pt x 242.9075pt>
File: picture/ParameterChange_ILD-eps-converted-to.pdf Graphic file (type pdf)
<use picture/ParameterChange_ILD-eps-converted-to.pdf>
Package pdftex.def Info: picture/ParameterChange_ILD-eps-converted-to.pdf  used on input line 349.
(pdftex.def)             Requested size: 216.80925pt x 108.40297pt.
[11 </home/seotok/last/test11/GraduationTesis/s0617036_graduationTesis/picture/ParameterChange_HRTF_Left-eps-converted-to.pdf> </home/seotok/last/test11/GraduationTesis/s0617036_graduationTesis/picture/ParameterChange_HRTF_Right-eps-converted-to.pdf> </home/seotok/last/test11/GraduationTesis/s0617036_graduationTesis/picture/ParameterChange_ILD-eps-converted-to.pdf>]
LaTeX Font Info:    Font shape `C70/mc/m/n' will be
(Font)              scaled to size 6.47299pt on input line 362.
LaTeX Font Info:    Font shape `C70/mc/m/n' will be
(Font)              scaled to size 6.47299pt on input line 362.
LaTeX Font Info:    Font shape `C70/mc/m/n' will be
(Font)              scaled to size 6.47299pt on input line 362.
LaTeX Font Info:    Font shape `C70/mc/m/n' will be
(Font)              scaled to size 6.47299pt on input line 362.
LaTeX Font Info:    Font shape `C70/mc/m/n' will be
(Font)              scaled to size 6.47299pt on input line 362.
LaTeX Font Info:    Font shape `C70/mc/m/n' will be
(Font)              scaled to size 6.47299pt on input line 362.
LaTeX Font Info:    Font shape `C70/mc/m/n' will be
(Font)              scaled to size 6.47299pt on input line 362.
LaTeX Font Info:    Font shape `C70/mc/m/n' will be
(Font)              scaled to size 6.47299pt on input line 365.

Overfull \hbox (1.20973pt too wide) in paragraph at lines 359--370
 [][] 
 []


Overfull \hbox (1.20973pt too wide) in paragraph at lines 375--385
 [][] 
 []


Overfull \hbox (28.348pt too wide) in paragraph at lines 390--400
 [][] 
 []

LaTeX Font Info:    Font shape `C70/mc/m/n' will be
(Font)              scaled to size 6.47299pt on input line 406.
LaTeX Font Info:    Font shape `C70/mc/m/n' will be
(Font)              scaled to size 6.47299pt on input line 406.
LaTeX Font Info:    Font shape `C70/mc/m/n' will be
(Font)              scaled to size 6.47299pt on input line 406.
LaTeX Font Info:    Font shape `C70/mc/m/n' will be
(Font)              scaled to size 6.47299pt on input line 406.
LaTeX Font Info:    Font shape `C70/mc/m/n' will be
(Font)              scaled to size 6.47299pt on input line 406.
LaTeX Font Info:    Font shape `C70/mc/m/n' will be
(Font)              scaled to size 6.47299pt on input line 406.
LaTeX Font Info:    Font shape `C70/mc/m/n' will be
(Font)              scaled to size 6.47299pt on input line 408.
LaTeX Font Info:    Font shape `C70/mc/m/n' will be
(Font)              scaled to size 6.47299pt on input line 409.

Overfull \hbox (40.93132pt too wide) in paragraph at lines 405--411
 [][] 
 []


Overfull \hbox (40.93132pt too wide) in paragraph at lines 416--422
 [][] 
 []

[12

] Excluding 'comment' comment.
第4章
Excluding 'comment' comment. [13


]
LaTeX Font Info:    Font shape `C70/gt/m/n' will be
(Font)              scaled to size 23.00687pt on input line 465.
LaTeX Font Info:    Font shape `C70/gt/m/n' will be
(Font)              scaled to size 23.00687pt on input line 465.
 [14

] (/home/seotok/last/test11/GraduationTesis/s0617036_graduationTesis/soturon.aux) ) 
Here is how much of TeX's memory you used:
 10647 strings out of 481239
 156580 string characters out of 5920377
 392421 words of memory out of 5000000
 25395 multiletter control sequences out of 15000+600000
 597357 words of font info for 271 fonts, out of 8000000 for 9000
 1146 hyphenation exceptions out of 8191
 48i,15n,46p,932b,656s stack positions out of 5000i,500n,10000p,200000b,80000s
{/usr/share/texlive/texmf-dist/fonts/enc/dvips/ipaex-type1/ipxt1-u7d.enc}{/usr/share/texmf/fonts/enc/dvips/cm-super/cm-super-ts1.enc}{/usr/share/texlive/texmf-dist/fonts/enc/dvips/ipaex-type1/ipxt1-u5d.enc}{/usr/share/texlive/texmf-dist/fonts/enc/dvips/ipaex-type1/ipxt1-u4e.enc}{/usr/share/texlive/texmf-dist/fonts/enc/dvips/ipaex-type1/ipxt1-u6e.enc}{/usr/share/texlive/texmf-dist/fonts/enc/dvips/ipaex-type1/ipxt1-u95.enc}{/usr/share/texlive/texmf-dist/fonts/enc/dvips/ipaex-type1/ipxt1-u90.enc}{/usr/share/texlive/texmf-dist/fonts/enc/dvips/ipaex-type1/ipxt1-u98.enc}{/usr/share/texlive/texmf-dist/fonts/enc/dvips/ipaex-type1/ipxt1-u5f.enc}{/usr/share/texlive/texmf-dist/fonts/enc/dvips/ipaex-type1/ipxt1-u6c.enc}{/usr/share/texlive/texmf-dist/fonts/enc/dvips/ipaex-type1/ipxt1-u93.enc}{/usr/share/texlive/texmf-dist/fonts/enc/dvips/ipaex-type1/ipxt1-u7c.enc}{/usr/share/texlive/texmf-dist/fonts/enc/dvips/ipaex-type1/ipxt1-u82.enc}{/usr/share/texlive/texmf-dist/fonts/enc/dvips/ipaex-type1/ipxt1-u73.enc}{/usr/share/texlive/texmf-dist/fonts/enc/dvips/ipaex-type1/ipxt1-u91.enc}{/usr/share/texlive/texmf-dist/fonts/enc/dvips/ipaex-type1/ipxt1-u24.enc}{/usr/share/texlive/texmf-dist/fonts/enc/dvips/ipaex-type1/ipxt1-u6d.enc}{/usr/share/texlive/texmf-dist/fonts/enc/dvips/ipaex-type1/ipxt1-u78.enc}{/usr/share/texlive/texmf-dist/fonts/enc/dvips/ipaex-type1/ipxt1-u81.enc}{/usr/share/texlive/texmf-dist/fonts/enc/dvips/ipaex-type1/ipxt1-u7b.enc}{/usr/share/texlive/texmf-dist/fonts/enc/dvips/ipaex-type1/ipxt1-u61.enc}{/usr/share/texlive/texmf-dist/fonts/enc/dvips/ipaex-type1/ipxt1-u76.enc}{/usr/share/texlive/texmf-dist/fonts/enc/dvips/ipaex-type1/ipxt1-u89.enc}{/usr/share/texlive/texmf-dist/fonts/enc/dvips/ipaex-type1/ipxt1-u55.enc}{/usr/share/texlive/texmf-dist/fonts/enc/dvips/ipaex-type1/ipxt1-u56.enc}{/usr/share/texlive/texmf-dist/fonts/enc/dvips/ipaex-type1/ipxt1-u71.enc}{/usr/share/texlive/texmf-dist/fonts/enc/dvips/ipaex-type1/ipxt1-u88.enc}{/usr/share/texlive/texmf-dist/fonts/enc/dvips/ipaex-type1/ipxt1-u9a.enc}{/usr/share/texlive/texmf-dist/fonts/enc/dvips/ipaex-type1/ipxt1-u5b.enc}{/usr/share/texlive/texmf-dist/fonts/enc/dvips/ipaex-type1/ipxt1-u8a.enc}{/usr/share/texlive/texmf-dist/fonts/enc/dvips/ipaex-type1/ipxt1-u69.enc}{/usr/share/texlive/texmf-dist/fonts/enc/dvips/ipaex-type1/ipxt1-u5e.enc}{/usr/share/texlive/texmf-dist/fonts/enc/dvips/ipaex-type1/ipxt1-u96.enc}{/usr/share/texlive/texmf-dist/fonts/enc/dvips/ipaex-type1/ipxt1-u66.enc}{/usr/share/texlive/texmf-dist/fonts/enc/dvips/ipaex-type1/ipxt1-u6b.enc}{/usr/share/texlive/texmf-dist/fonts/enc/dvips/ipaex-type1/ipxt1-u8f.enc}{/usr/share/texlive/texmf-dist/fonts/enc/dvips/ipaex-type1/ipxt1-uff.enc}{/usr/share/texlive/texmf-dist/fonts/enc/dvips/ipaex-type1/ipxt1-u63.enc}{/usr/share/texlive/texmf-dist/fonts/enc/dvips/ipaex-type1/ipxt1-u72.enc}{/usr/share/texlive/texmf-dist/fonts/enc/dvips/ipaex-type1/ipxt1-u80.enc}{/usr/share/texlive/texmf-dist/fonts/enc/dvips/ipaex-type1/ipxt1-u8b.enc}{/usr/share/texlive/texmf-dist/fonts/enc/dvips/ipaex-type1/ipxt1-u54.enc}{/usr/share/texlive/texmf-dist/fonts/enc/dvips/ipaex-type1/ipxt1-u67.enc}{/usr/share/texlive/texmf-dist/fonts/enc/dvips/ipaex-type1/ipxt1-u52.enc}{/usr/share/texlive/texmf-dist/fonts/enc/dvips/ipaex-type1/ipxt1-u97.enc}{/usr/share/texlive/texmf-dist/fonts/enc/dvips/ipaex-type1/ipxt1-u53.enc}{/usr/share/texlive/texmf-dist/fonts/enc/dvips/ipaex-type1/ipxt1-u4f.enc}{/usr/share/texlive/texmf-dist/fonts/enc/dvips/ipaex-type1/ipxt1-u65.enc}{/usr/share/texlive/texmf-dist/fonts/enc/dvips/ipaex-type1/ipxt1-u30.enc}{/usr/share/texlive/texmf-dist/fonts/enc/dvips/ipaex-type1/ipxt1-u7a.enc}{/usr/share/texlive/texmf-dist/fonts/enc/dvips/ipaex-type1/ipxt1-u51.enc}{/usr/share/texlive/texmf-dist/fonts/enc/dvips/ipaex-type1/ipxt1-u70.enc}{/usr/share/texlive/texmf-dist/fonts/enc/dvips/ipaex-type1/ipxt1-u75.enc}{/usr/share/texlive/texmf-dist/fonts/enc/dvips/ipaex-type1/ipxt1-u58.enc}{/usr/share/texlive/texmf-dist/fonts/enc/dvips/ipaex-type1/ipxt1-u60.enc}{/usr/share/texlive/texmf-dist/fonts/enc/dvips/ipaex-type1/ipxt1-u77.enc}{/usr/share/texlive/texmf-dist/fonts/enc/dvips/ipaex-type1/ipxt1-u79.enc}{/usr/share/texlive/texmf-dist/fonts/enc/dvips/ipaex-type1/ipxt1-u74.enc}{/usr/share/texlive/texmf-dist/fonts/enc/dvips/ipaex-type1/ipxt1-u59.enc}{/usr/share/texlive/texmf-dist/fonts/enc/dvips/ipaex-type1/ipxt1-u62.enc}{/usr/share/texlive/texmf-dist/fonts/enc/dvips/ipaex-type1/ipxt1-u5c.enc}{/usr/share/texlive/texmf-dist/fonts/enc/dvips/ipaex-type1/ipxt1-u50.enc}{/usr/share/texlive/texmf-dist/fonts/enc/dvips/ipaex-type1/ipxt1-u57.enc}{/usr/share/texlive/texmf-dist/fonts/enc/dvips/ipaex-type1/ipxt1-u7f.enc}{/usr/share/texlive/texmf-dist/fonts/enc/dvips/ipaex-type1/ipxt1-u68.enc}{/usr/share/texlive/texmf-dist/fonts/enc/dvips/ipaex-type1/ipxt1-u6a.enc}</usr/share/texlive/texmf-dist/fonts/type1/public/amsfonts/cm/cmbx10.pfb></usr/share/texlive/texmf-dist/fonts/type1/public/amsfonts/cm/cmmi10.pfb></usr/share/texlive/texmf-dist/fonts/type1/public/amsfonts/cm/cmmi7.pfb></usr/share/texlive/texmf-dist/fonts/type1/public/amsfonts/cm/cmr10.pfb></usr/share/texlive/texmf-dist/fonts/type1/public/amsfonts/cm/cmr12.pfb></usr/share/texlive/texmf-dist/fonts/type1/public/amsfonts/cm/cmr7.pfb></usr/share/texlive/texmf-dist/fonts/type1/public/amsfonts/cm/cmr9.pfb></usr/share/texlive/texmf-dist/fonts/type1/public/amsfonts/cm/cmss10.pfb></usr/share/texlive/texmf-dist/fonts/type1/public/amsfonts/cm/cmss12.pfb></usr/share/texlive/texmf-dist/fonts/type1/public/amsfonts/cm/cmss17.pfb></usr/share/texlive/texmf-dist/fonts/type1/public/amsfonts/cm/cmsy10.pfb></usr/share/texlive/texmf-dist/fonts/type1/public/amsfonts/cm/cmsy7.pfb></usr/share/texlive/texmf-dist/fonts/type1/public/ipaex-type1/ipxg-r-u30.pfb></usr/share/texlive/texmf-dist/fonts/type1/public/ipaex-type1/ipxg-r-u4e.pfb></usr/share/texlive/texmf-dist/fonts/type1/public/ipaex-type1/ipxg-r-u4f.pfb></usr/share/texlive/texmf-dist/fonts/type1/public/ipaex-type1/ipxg-r-u52.pfb></usr/share/texlive/texmf-dist/fonts/type1/public/ipaex-type1/ipxg-r-u53.pfb></usr/share/texlive/texmf-dist/fonts/type1/public/ipaex-type1/ipxg-r-u54.pfb></usr/share/texlive/texmf-dist/fonts/type1/public/ipaex-type1/ipxg-r-u5b.pfb></usr/share/texlive/texmf-dist/fonts/type1/public/ipaex-type1/ipxg-r-u5d.pfb></usr/share/texlive/texmf-dist/fonts/type1/public/ipaex-type1/ipxg-r-u5f.pfb></usr/share/texlive/texmf-dist/fonts/type1/public/ipaex-type1/ipxg-r-u65.pfb></usr/share/texlive/texmf-dist/fonts/type1/public/ipaex-type1/ipxg-r-u67.pfb></usr/share/texlive/texmf-dist/fonts/type1/public/ipaex-type1/ipxg-r-u69.pfb></usr/share/texlive/texmf-dist/fonts/type1/public/ipaex-type1/ipxg-r-u6b.pfb></usr/share/texlive/texmf-dist/fonts/type1/public/ipaex-type1/ipxg-r-u6c.pfb></usr/share/texlive/texmf-dist/fonts/type1/public/ipaex-type1/ipxg-r-u6d.pfb></usr/share/texlive/texmf-dist/fonts/type1/public/ipaex-type1/ipxg-r-u6e.pfb></usr/share/texlive/texmf-dist/fonts/type1/public/ipaex-type1/ipxg-r-u72.pfb></usr/share/texlive/texmf-dist/fonts/type1/public/ipaex-type1/ipxg-r-u73.pfb></usr/share/texlive/texmf-dist/fonts/type1/public/ipaex-type1/ipxg-r-u76.pfb></usr/share/texlive/texmf-dist/fonts/type1/public/ipaex-type1/ipxg-r-u78.pfb></usr/share/texlive/texmf-dist/fonts/type1/public/ipaex-type1/ipxg-r-u7a.pfb></usr/share/texlive/texmf-dist/fonts/type1/public/ipaex-type1/ipxg-r-u7b.pfb></usr/share/texlive/texmf-dist/fonts/type1/public/ipaex-type1/ipxg-r-u7d.pfb></usr/share/texlive/texmf-dist/fonts/type1/public/ipaex-type1/ipxg-r-u80.pfb></usr/share/texlive/texmf-dist/fonts/type1/public/ipaex-type1/ipxg-r-u8a.pfb></usr/share/texlive/texmf-dist/fonts/type1/public/ipaex-type1/ipxg-r-u8b.pfb></usr/share/texlive/texmf-dist/fonts/type1/public/ipaex-type1/ipxg-r-u90.pfb></usr/share/texlive/texmf-dist/fonts/type1/public/ipaex-type1/ipxg-r-u93.pfb></usr/share/texlive/texmf-dist/fonts/type1/public/ipaex-type1/ipxg-r-u95.pfb></usr/share/texlive/texmf-dist/fonts/type1/public/ipaex-type1/ipxg-r-u97.pfb></usr/share/texlive/texmf-dist/fonts/type1/public/ipaex-type1/ipxg-r-u98.pfb></usr/share/texlive/texmf-dist/fonts/type1/public/ipaex-type1/ipxg-r-u9a.pfb></usr/share/texlive/texmf-dist/fonts/type1/public/ipaex-type1/ipxm-r-u24.pfb></usr/share/texlive/texmf-dist/fonts/type1/public/ipaex-type1/ipxm-r-u30.pfb></usr/share/texlive/texmf-dist/fonts/type1/public/ipaex-type1/ipxm-r-u4e.pfb></usr/share/texlive/texmf-dist/fonts/type1/public/ipaex-type1/ipxm-r-u4f.pfb></usr/share/texlive/texmf-dist/fonts/type1/public/ipaex-type1/ipxm-r-u50.pfb></usr/share/texlive/texmf-dist/fonts/type1/public/ipaex-type1/ipxm-r-u51.pfb></usr/share/texlive/texmf-dist/fonts/type1/public/ipaex-type1/ipxm-r-u52.pfb></usr/share/texlive/texmf-dist/fonts/type1/public/ipaex-type1/ipxm-r-u53.pfb></usr/share/texlive/texmf-dist/fonts/type1/public/ipaex-type1/ipxm-r-u54.pfb></usr/share/texlive/texmf-dist/fonts/type1/public/ipaex-type1/ipxm-r-u55.pfb></usr/share/texlive/texmf-dist/fonts/type1/public/ipaex-type1/ipxm-r-u56.pfb></usr/share/texlive/texmf-dist/fonts/type1/public/ipaex-type1/ipxm-r-u57.pfb></usr/share/texlive/texmf-dist/fonts/type1/public/ipaex-type1/ipxm-r-u58.pfb></usr/share/texlive/texmf-dist/fonts/type1/public/ipaex-type1/ipxm-r-u59.pfb></usr/share/texlive/texmf-dist/fonts/type1/public/ipaex-type1/ipxm-r-u5b.pfb></usr/share/texlive/texmf-dist/fonts/type1/public/ipaex-type1/ipxm-r-u5c.pfb></usr/share/texlive/texmf-dist/fonts/type1/public/ipaex-type1/ipxm-r-u5d.pfb></usr/share/texlive/texmf-dist/fonts/type1/public/ipaex-type1/ipxm-r-u5e.pfb></usr/share/texlive/texmf-dist/fonts/type1/public/ipaex-type1/ipxm-r-u5f.pfb></usr/share/texlive/texmf-dist/fonts/type1/public/ipaex-type1/ipxm-r-u60.pfb></usr/share/texlive/texmf-dist/fonts/type1/public/ipaex-type1/ipxm-r-u61.pfb></usr/share/texlive/texmf-dist/fonts/type1/public/ipaex-type1/ipxm-r-u62.pfb></usr/share/texlive/texmf-dist/fonts/type1/public/ipaex-type1/ipxm-r-u63.pfb></usr/sha
re/texlive/texmf-dist/fonts/type1/public/ipaex-type1/ipxm-r-u65.pfb></usr/share/texlive/texmf-dist/fonts/type1/public/ipaex-type1/ipxm-r-u66.pfb></usr/share/texlive/texmf-dist/fonts/type1/public/ipaex-type1/ipxm-r-u67.pfb></usr/share/texlive/texmf-dist/fonts/type1/public/ipaex-type1/ipxm-r-u68.pfb></usr/share/texlive/texmf-dist/fonts/type1/public/ipaex-type1/ipxm-r-u69.pfb></usr/share/texlive/texmf-dist/fonts/type1/public/ipaex-type1/ipxm-r-u6a.pfb></usr/share/texlive/texmf-dist/fonts/type1/public/ipaex-type1/ipxm-r-u6b.pfb></usr/share/texlive/texmf-dist/fonts/type1/public/ipaex-type1/ipxm-r-u6c.pfb></usr/share/texlive/texmf-dist/fonts/type1/public/ipaex-type1/ipxm-r-u6d.pfb></usr/share/texlive/texmf-dist/fonts/type1/public/ipaex-type1/ipxm-r-u6e.pfb></usr/share/texlive/texmf-dist/fonts/type1/public/ipaex-type1/ipxm-r-u70.pfb></usr/share/texlive/texmf-dist/fonts/type1/public/ipaex-type1/ipxm-r-u71.pfb></usr/share/texlive/texmf-dist/fonts/type1/public/ipaex-type1/ipxm-r-u72.pfb></usr/share/texlive/texmf-dist/fonts/type1/public/ipaex-type1/ipxm-r-u73.pfb></usr/share/texlive/texmf-dist/fonts/type1/public/ipaex-type1/ipxm-r-u74.pfb></usr/share/texlive/texmf-dist/fonts/type1/public/ipaex-type1/ipxm-r-u75.pfb></usr/share/texlive/texmf-dist/fonts/type1/public/ipaex-type1/ipxm-r-u76.pfb></usr/share/texlive/texmf-dist/fonts/type1/public/ipaex-type1/ipxm-r-u77.pfb></usr/share/texlive/texmf-dist/fonts/type1/public/ipaex-type1/ipxm-r-u78.pfb></usr/share/texlive/texmf-dist/fonts/type1/public/ipaex-type1/ipxm-r-u79.pfb></usr/share/texlive/texmf-dist/fonts/type1/public/ipaex-type1/ipxm-r-u7a.pfb></usr/share/texlive/texmf-dist/fonts/type1/public/ipaex-type1/ipxm-r-u7b.pfb></usr/share/texlive/texmf-dist/fonts/type1/public/ipaex-type1/ipxm-r-u7c.pfb></usr/share/texlive/texmf-dist/fonts/type1/public/ipaex-type1/ipxm-r-u7d.pfb></usr/share/texlive/texmf-dist/fonts/type1/public/ipaex-type1/ipxm-r-u7f.pfb></usr/share/texlive/texmf-dist/fonts/type1/public/ipaex-type1/ipxm-r-u80.pfb></usr/share/texlive/texmf-dist/fonts/type1/public/ipaex-type1/ipxm-r-u81.pfb></usr/share/texlive/texmf-dist/fonts/type1/public/ipaex-type1/ipxm-r-u82.pfb></usr/share/texlive/texmf-dist/fonts/type1/public/ipaex-type1/ipxm-r-u88.pfb></usr/share/texlive/texmf-dist/fonts/type1/public/ipaex-type1/ipxm-r-u89.pfb></usr/share/texlive/texmf-dist/fonts/type1/public/ipaex-type1/ipxm-r-u8a.pfb></usr/share/texlive/texmf-dist/fonts/type1/public/ipaex-type1/ipxm-r-u8b.pfb></usr/share/texlive/texmf-dist/fonts/type1/public/ipaex-type1/ipxm-r-u8f.pfb></usr/share/texlive/texmf-dist/fonts/type1/public/ipaex-type1/ipxm-r-u90.pfb></usr/share/texlive/texmf-dist/fonts/type1/public/ipaex-type1/ipxm-r-u91.pfb></usr/share/texlive/texmf-dist/fonts/type1/public/ipaex-type1/ipxm-r-u93.pfb></usr/share/texlive/texmf-dist/fonts/type1/public/ipaex-type1/ipxm-r-u95.pfb></usr/share/texlive/texmf-dist/fonts/type1/public/ipaex-type1/ipxm-r-u96.pfb></usr/share/texlive/texmf-dist/fonts/type1/public/ipaex-type1/ipxm-r-u97.pfb></usr/share/texlive/texmf-dist/fonts/type1/public/ipaex-type1/ipxm-r-u98.pfb></usr/share/texlive/texmf-dist/fonts/type1/public/ipaex-type1/ipxm-r-u9a.pfb></usr/share/texlive/texmf-dist/fonts/type1/public/ipaex-type1/ipxm-r-uff.pfb></usr/share/texmf/fonts/type1/public/cm-super/sfrm1000.pfb>
Output written on /home/seotok/last/test11/GraduationTesis/s0617036_graduationTesis/soturon.pdf (15 pages, 2750330 bytes).
PDF statistics:
 721 PDF objects out of 1000 (max. 8388607)
 475 compressed objects within 5 object streams
 0 named destinations out of 1000 (max. 500000)
 400 words of extra memory for PDF output out of 10000 (max. 10000000)

